app/build/intermediates/manifest_merge_blame_file/debug/manifest-merger-blame-debug-report.txt
1<?xml version="1.0" encoding="utf-8"?>
2<manifest xmlns:android="http://schemas.android.com/apk/res/android"
3    package="com.example.appintercambiocartas"
4    android:versionCode="1"
5    android:versionName="1.0" >
6
7    <uses-sdk
8        android:minSdkVersion="23"
8-->src\main\AndroidManifest.xml
9        android:targetSdkVersion="30" />
9-->src\main\AndroidManifest.xml
10
11    <uses-permission android:name="android.permission.INTERNET" />
11-->src\main\AndroidManifest.xml:5:5-67
11-->src\main\AndroidManifest.xml:5:22-64
12    <uses-permission android:name="android.permission.ACCESS_NETWORK_STATE" />
12-->src\main\AndroidManifest.xml:6:5-79
12-->src\main\AndroidManifest.xml:6:22-76
13    <uses-permission android:name="android.permission.CAMERA" />
13-->src\main\AndroidManifest.xml:7:5-65
13-->src\main\AndroidManifest.xml:7:22-62
14    <uses-permission android:name="android.permission.WRITE_EXTERNAL_STORAGE" />
14-->src\main\AndroidManifest.xml:8:5-81
14-->src\main\AndroidManifest.xml:8:22-78
15    <uses-permission android:name="android.permission.READ_EXTERNAL_STORAGE" />
15-->src\main\AndroidManifest.xml:9:5-79
15-->src\main\AndroidManifest.xml:9:22-77
16
17    <application
17-->src\main\AndroidManifest.xml:11:5-33:19
18        android:allowBackup="true"
18-->src\main\AndroidManifest.xml:12:9-35
19        android:appComponentFactory="androidx.core.app.CoreComponentFactory"
19-->[androidx.core:core:1.3.1] AndroidManifest.xml:24:18-86
20        android:debuggable="true"
21        android:extractNativeLibs="false"
22        android:icon="@mipmap/ic_launcher"
22-->src\main\AndroidManifest.xml:13:9-43
23        android:label="@string/app_name"
23-->src\main\AndroidManifest.xml:14:9-41
24        android:roundIcon="@mipmap/ic_launcher_round"
24-->src\main\AndroidManifest.xml:15:9-54
25        android:supportsRtl="true"
25-->src\main\AndroidManifest.xml:16:9-35
26        android:testOnly="true"
27        android:theme="@style/Theme.AppIntercambioCartas" >
27-->src\main\AndroidManifest.xml:17:9-58
28        <activity android:name="com.example.appintercambiocartas.Colecciones.CreateActivity" />
28-->src\main\AndroidManifest.xml:18:9-73
28-->src\main\AndroidManifest.xml:18:19-61
29        <activity android:name="com.example.appintercambiocartas.Colecciones.YugiohActivity" />
29-->src\main\AndroidManifest.xml:19:9-64
29-->src\main\AndroidManifest.xml:19:19-61
30        <activity android:name="com.example.appintercambiocartas.Colecciones.PokemonActivity" />
30-->src\main\AndroidManifest.xml:20:9-65
30-->src\main\AndroidManifest.xml:20:19-62
31        <activity android:name="com.example.appintercambiocartas.Colecciones.MagicActivity" />
31-->src\main\AndroidManifest.xml:21:9-63
31-->src\main\AndroidManifest.xml:21:19-60
32        <activity android:name="com.example.appintercambiocartas.Colecciones.DBSuperActivity" />
32-->src\main\AndroidManifest.xml:22:9-65
32-->src\main\AndroidManifest.xml:22:19-62
33        <activity android:name="com.example.appintercambiocartas.User" />
33-->src\main\AndroidManifest.xml:23:9-42
33-->src\main\AndroidManifest.xml:23:19-39
34        <activity android:name="com.example.appintercambiocartas.Principal.LoginActivity" />
34-->src\main\AndroidManifest.xml:24:9-61
34-->src\main\AndroidManifest.xml:24:19-58
35        <activity android:name="com.example.appintercambiocartas.Principal.RegisterActivity" >
35-->src\main\AndroidManifest.xml:25:9-31:20
35-->src\main\AndroidManifest.xml:25:19-61
36            <intent-filter>
36-->src\main\AndroidManifest.xml:26:13-30:29
37                <action android:name="android.intent.action.MAIN" />
37-->src\main\AndroidManifest.xml:27:17-69
37-->src\main\AndroidManifest.xml:27:25-66
38
39                <category android:name="android.intent.category.LAUNCHER" />
39-->src\main\AndroidManifest.xml:29:17-77
39-->src\main\AndroidManifest.xml:29:27-74
40            </intent-filter>
41        </activity>
42        <activity android:name="com.example.appintercambiocartas.Principal.MainActivity" />
42-->src\main\AndroidManifest.xml:32:9-60
42-->src\main\AndroidManifest.xml:32:19-57
43
44        <service
44-->[com.google.firebase:firebase-firestore-ktx:22.1.2] AndroidManifest.xml:12:9-18:19
45            android:name="com.google.firebase.components.ComponentDiscoveryService"
45-->[com.google.firebase:firebase-firestore-ktx:22.1.2] AndroidManifest.xml:13:13-84
46            android:directBootAware="true"
46-->[com.google.firebase:firebase-common:19.5.0] AndroidManifest.xml:35:13-43
47            android:exported="false" >
47-->[com.google.firebase:firebase-firestore-ktx:22.1.2] AndroidManifest.xml:14:13-37
48            <meta-data
48-->[com.google.firebase:firebase-firestore-ktx:22.1.2] AndroidManifest.xml:15:13-17:85
49                android:name="com.google.firebase.components:com.google.firebase.firestore.ktx.FirebaseFirestoreKtxRegistrar"
49-->[com.google.firebase:firebase-firestore-ktx:22.1.2] AndroidManifest.xml:16:17-126
50                android:value="com.google.firebase.components.ComponentRegistrar" />
50-->[com.google.firebase:firebase-firestore-ktx:22.1.2] AndroidManifest.xml:17:17-82
51            <meta-data
51-->[com.google.firebase:firebase-auth-ktx:20.0.4] AndroidManifest.xml:11:13-13:85
52                android:name="com.google.firebase.components:com.google.firebase.auth.ktx.FirebaseAuthKtxRegistrar"
52-->[com.google.firebase:firebase-auth-ktx:20.0.4] AndroidManifest.xml:12:17-116
53                android:value="com.google.firebase.components.ComponentRegistrar" />
53-->[com.google.firebase:firebase-auth-ktx:20.0.4] AndroidManifest.xml:13:17-82
54            <meta-data
54-->[com.google.firebase:firebase-common-ktx:19.5.0] AndroidManifest.xml:15:13-17:85
55                android:name="com.google.firebase.components:com.google.firebase.ktx.FirebaseCommonKtxRegistrar"
55-->[com.google.firebase:firebase-common-ktx:19.5.0] AndroidManifest.xml:16:17-113
56                android:value="com.google.firebase.components.ComponentRegistrar" />
56-->[com.google.firebase:firebase-common-ktx:19.5.0] AndroidManifest.xml:17:17-82
57            <meta-data
57-->[com.google.firebase:firebase-firestore:22.1.2] AndroidManifest.xml:20:13-22:85
58                android:name="com.google.firebase.components:com.google.firebase.firestore.FirestoreRegistrar"
58-->[com.google.firebase:firebase-firestore:22.1.2] AndroidManifest.xml:21:17-111
59                android:value="com.google.firebase.components.ComponentRegistrar" />
59-->[com.google.firebase:firebase-firestore:22.1.2] AndroidManifest.xml:22:17-82
60            <meta-data
60-->[com.google.firebase:firebase-auth:20.0.4] AndroidManifest.xml:77:13-79:85
61                android:name="com.google.firebase.components:com.google.firebase.auth.FirebaseAuthRegistrar"
61-->[com.google.firebase:firebase-auth:20.0.4] AndroidManifest.xml:78:17-109
62                android:value="com.google.firebase.components.ComponentRegistrar" />
62-->[com.google.firebase:firebase-auth:20.0.4] AndroidManifest.xml:79:17-82
63            <!--
64                This registrar is not defined in the dynamic-module-support sdk itself to allow non-firebase
65                clients to use it as well, by defining this registrar in their own core/common library.
66            -->
67            <meta-data
67-->[com.google.firebase:firebase-common:19.5.0] AndroidManifest.xml:43:13-45:85
68                android:name="com.google.firebase.components:com.google.firebase.dynamicloading.DynamicLoadingRegistrar"
68-->[com.google.firebase:firebase-common:19.5.0] AndroidManifest.xml:44:17-121
69                android:value="com.google.firebase.components.ComponentRegistrar" />
69-->[com.google.firebase:firebase-common:19.5.0] AndroidManifest.xml:45:17-82
70        </service>
71
72        <activity
72-->[com.google.firebase:firebase-auth:20.0.4] AndroidManifest.xml:27:9-44:20
73            android:name="com.google.firebase.auth.internal.GenericIdpActivity"
73-->[com.google.firebase:firebase-auth:20.0.4] AndroidManifest.xml:28:13-80
74            android:excludeFromRecents="true"
74-->[com.google.firebase:firebase-auth:20.0.4] AndroidManifest.xml:29:13-46
75            android:exported="true"
75-->[com.google.firebase:firebase-auth:20.0.4] AndroidManifest.xml:30:13-36
76            android:launchMode="singleTask"
76-->[com.google.firebase:firebase-auth:20.0.4] AndroidManifest.xml:31:13-44
77            android:theme="@android:style/Theme.Translucent.NoTitleBar" >
77-->[com.google.firebase:firebase-auth:20.0.4] AndroidManifest.xml:32:13-72
78            <intent-filter>
78-->[com.google.firebase:firebase-auth:20.0.4] AndroidManifest.xml:33:13-43:29
79                <action android:name="android.intent.action.VIEW" />
79-->[com.google.firebase:firebase-auth:20.0.4] AndroidManifest.xml:34:17-69
79-->[com.google.firebase:firebase-auth:20.0.4] AndroidManifest.xml:34:25-66
80
81                <category android:name="android.intent.category.DEFAULT" />
81-->[com.google.firebase:firebase-auth:20.0.4] AndroidManifest.xml:36:17-76
81-->[com.google.firebase:firebase-auth:20.0.4] AndroidManifest.xml:36:27-73
82                <category android:name="android.intent.category.BROWSABLE" />
82-->[com.google.firebase:firebase-auth:20.0.4] AndroidManifest.xml:37:17-78
82-->[com.google.firebase:firebase-auth:20.0.4] AndroidManifest.xml:37:27-75
83
84                <data
84-->[com.google.firebase:firebase-auth:20.0.4] AndroidManifest.xml:39:17-42:51
85                    android:host="firebase.auth"
85-->[com.google.firebase:firebase-auth:20.0.4] AndroidManifest.xml:40:21-49
86                    android:path="/"
86-->[com.google.firebase:firebase-auth:20.0.4] AndroidManifest.xml:41:21-37
87                    android:scheme="genericidp" />
87-->[com.google.firebase:firebase-auth:20.0.4] AndroidManifest.xml:42:21-48
88            </intent-filter>
89        </activity>
90        <activity
90-->[com.google.firebase:firebase-auth:20.0.4] AndroidManifest.xml:45:9-62:20
91            android:name="com.google.firebase.auth.internal.RecaptchaActivity"
91-->[com.google.firebase:firebase-auth:20.0.4] AndroidManifest.xml:46:13-79
92            android:excludeFromRecents="true"
92-->[com.google.firebase:firebase-auth:20.0.4] AndroidManifest.xml:47:13-46
93            android:exported="true"
93-->[com.google.firebase:firebase-auth:20.0.4] AndroidManifest.xml:48:13-36
94            android:launchMode="singleTask"
94-->[com.google.firebase:firebase-auth:20.0.4] AndroidManifest.xml:49:13-44
95            android:theme="@android:style/Theme.Translucent.NoTitleBar" >
95-->[com.google.firebase:firebase-auth:20.0.4] AndroidManifest.xml:50:13-72
96            <intent-filter>
96-->[com.google.firebase:firebase-auth:20.0.4] AndroidManifest.xml:51:13-61:29
97                <action android:name="android.intent.action.VIEW" />
97-->[com.google.firebase:firebase-auth:20.0.4] AndroidManifest.xml:34:17-69
97-->[com.google.firebase:firebase-auth:20.0.4] AndroidManifest.xml:34:25-66
98
99                <category android:name="android.intent.category.DEFAULT" />
99-->[com.google.firebase:firebase-auth:20.0.4] AndroidManifest.xml:36:17-76
99-->[com.google.firebase:firebase-auth:20.0.4] AndroidManifest.xml:36:27-73
100                <category android:name="android.intent.category.BROWSABLE" />
100-->[com.google.firebase:firebase-auth:20.0.4] AndroidManifest.xml:37:17-78
100-->[com.google.firebase:firebase-auth:20.0.4] AndroidManifest.xml:37:27-75
101
102                <data
102-->[com.google.firebase:firebase-auth:20.0.4] AndroidManifest.xml:39:17-42:51
103                    android:host="firebase.auth"
103-->[com.google.firebase:firebase-auth:20.0.4] AndroidManifest.xml:40:21-49
104                    android:path="/"
104-->[com.google.firebase:firebase-auth:20.0.4] AndroidManifest.xml:41:21-37
105                    android:scheme="recaptcha" />
105-->[com.google.firebase:firebase-auth:20.0.4] AndroidManifest.xml:42:21-48
106            </intent-filter>
107        </activity>
108
109        <service
109-->[com.google.firebase:firebase-auth:20.0.4] AndroidManifest.xml:64:9-73:19
110            android:name="com.google.firebase.auth.api.fallback.service.FirebaseAuthFallbackService"
110-->[com.google.firebase:firebase-auth:20.0.4] AndroidManifest.xml:65:13-101
111            android:enabled="true"
111-->[com.google.firebase:firebase-auth:20.0.4] AndroidManifest.xml:66:13-35
112            android:exported="false" >
112-->[com.google.firebase:firebase-auth:20.0.4] AndroidManifest.xml:67:13-37
113            <intent-filter>
113-->[com.google.firebase:firebase-auth:20.0.4] AndroidManifest.xml:68:13-72:29
114                <action android:name="com.google.firebase.auth.api.gms.service.START" />
114-->[com.google.firebase:firebase-auth:20.0.4] AndroidManifest.xml:69:17-89
114-->[com.google.firebase:firebase-auth:20.0.4] AndroidManifest.xml:69:25-86
115
116                <category android:name="android.intent.category.DEFAULT" />
116-->[com.google.firebase:firebase-auth:20.0.4] AndroidManifest.xml:36:17-76
116-->[com.google.firebase:firebase-auth:20.0.4] AndroidManifest.xml:36:27-73
117            </intent-filter>
118        </service>
119
120        <provider
120-->[com.google.firebase:firebase-common:19.5.0] AndroidManifest.xml:26:9-31:39
121            android:name="com.google.firebase.provider.FirebaseInitProvider"
121-->[com.google.firebase:firebase-common:19.5.0] AndroidManifest.xml:27:13-77
122            android:authorities="com.example.appintercambiocartas.firebaseinitprovider"
122-->[com.google.firebase:firebase-common:19.5.0] AndroidManifest.xml:28:13-72
123            android:directBootAware="true"
123-->[com.google.firebase:firebase-common:19.5.0] AndroidManifest.xml:29:13-43
124            android:exported="false"
124-->[com.google.firebase:firebase-common:19.5.0] AndroidManifest.xml:30:13-37
125            android:initOrder="100" />
125-->[com.google.firebase:firebase-common:19.5.0] AndroidManifest.xml:31:13-36
126
127        <activity
127-->[com.google.android.gms:play-services-base:17.1.0] AndroidManifest.xml:23:9-26:75
128            android:name="com.google.android.gms.common.api.GoogleApiActivity"
128-->[com.google.android.gms:play-services-base:17.1.0] AndroidManifest.xml:24:13-79
129            android:exported="false"
129-->[com.google.android.gms:play-services-base:17.1.0] AndroidManifest.xml:25:13-37
130            android:theme="@android:style/Theme.Translucent.NoTitleBar" />
130-->[com.google.android.gms:play-services-base:17.1.0] AndroidManifest.xml:26:13-72
131
132        <meta-data
132-->[com.google.android.gms:play-services-basement:17.1.0] AndroidManifest.xml:23:9-25:69
133            android:name="com.google.android.gms.version"
133-->[com.google.android.gms:play-services-basement:17.1.0] AndroidManifest.xml:24:13-58
134            android:value="@integer/google_play_services_version" />
134-->[com.google.android.gms:play-services-basement:17.1.0] AndroidManifest.xml:25:13-66
135    </application>
136
137</manifest>